0 info it worked if it ends with ok
1 verbose cli [ '/usr/local/bin/node', '/usr/local/bin/npm', 'start' ]
2 info using npm@3.10.8
3 info using node@v6.2.2
4 verbose run-script [ 'prestart', 'start', 'poststart' ]
5 info lifecycle addressbook@1.0.0~prestart: addressbook@1.0.0
6 silly lifecycle addressbook@1.0.0~prestart: no script for prestart, continuing
7 info lifecycle addressbook@1.0.0~start: addressbook@1.0.0
8 verbose lifecycle addressbook@1.0.0~start: unsafe-perm in lifecycle true
9 verbose lifecycle addressbook@1.0.0~start: PATH: /usr/local/lib/node_modules/npm/bin/node-gyp-bin:/home/spectory/relay/addressbook/node_modules/.bin:/home/spectory/.linuxbrew/opt/android-sdk/platform-tools:/home/spectory/.linuxbrew/opt/android-sdk/tools:/home/spectory/.linuxbrew/bin:/usr/local/heroku/bin:/home/spectory/.linuxbrew/opt/android-sdk/platform-tools:/home/spectory/.linuxbrew/opt/android-sdk/tools:/home/spectory/.linuxbrew/bin:/home/spectory/.rvm/gems/ruby-2.3.0/bin:/home/spectory/.rvm/gems/ruby-2.3.0@global/bin:/home/spectory/.rvm/rubies/ruby-2.3.0/bin:/usr/local/sbin:/usr/local/bin:/usr/sbin:/usr/bin:/sbin:/bin:/usr/games:/usr/local/games:/usr/local/java/jre1.8.0_77/bin:/usr/local/java/jdk1.8.0_77/bin:/usr/local/java/jre1.8.0_77/bin:/usr/local/java/jdk1.8.0_77/bin:/usr/local/java/jre1.8.0_77/bin:/usr/local/java/jdk1.8.0_77/bin:/usr/local/java/jre1.8.0_77/bin:/usr/local/java/jdk1.8.0_77/bin:/home/spectory/.rvm/bin:/usr/local/sbin:/usr/local/bin:/usr/sbin:/usr/bin:/sbin:/bin:/usr/games:/usr/local/games:/home/spectory/nodejs/bin:/home/spectory/nodejs/lib:/home/spectory/gradle-2.3/bin:/home/spectory/.rvm/bin:/usr/local/go/bin:/home/spectory/go/bin:/usr/local/sbin:/usr/local/bin:/usr/sbin:/usr/bin:/sbin:/bin:/usr/games:/usr/local/games:/home/spectory/nodejs/bin:/home/spectory/nodejs/lib:/home/spectory/gradle-2.3/bin:/home/spectory/.rvm/bin:/usr/local/go/bin:/home/spectory/go/bin
10 verbose lifecycle addressbook@1.0.0~start: CWD: /home/spectory/relay/addressbook
11 silly lifecycle addressbook@1.0.0~start: Args: [ '-c', 'babel-node --presets react,es2015,stage-0 server.js' ]
12 silly lifecycle addressbook@1.0.0~start: Returned: code: 1  signal: null
13 info lifecycle addressbook@1.0.0~start: Failed to exec start script
14 verbose stack Error: addressbook@1.0.0 start: `babel-node --presets react,es2015,stage-0 server.js`
14 verbose stack Exit status 1
14 verbose stack     at EventEmitter.<anonymous> (/usr/local/lib/node_modules/npm/lib/utils/lifecycle.js:255:16)
14 verbose stack     at emitTwo (events.js:106:13)
14 verbose stack     at EventEmitter.emit (events.js:191:7)
14 verbose stack     at ChildProcess.<anonymous> (/usr/local/lib/node_modules/npm/lib/utils/spawn.js:40:14)
14 verbose stack     at emitTwo (events.js:106:13)
14 verbose stack     at ChildProcess.emit (events.js:191:7)
14 verbose stack     at maybeClose (internal/child_process.js:852:16)
14 verbose stack     at Process.ChildProcess._handle.onexit (internal/child_process.js:215:5)
15 verbose pkgid addressbook@1.0.0
16 verbose cwd /home/spectory/relay/addressbook
17 error Linux 3.19.0-58-generic
18 error argv "/usr/local/bin/node" "/usr/local/bin/npm" "start"
19 error node v6.2.2
20 error npm  v3.10.8
21 error code ELIFECYCLE
22 error addressbook@1.0.0 start: `babel-node --presets react,es2015,stage-0 server.js`
22 error Exit status 1
23 error Failed at the addressbook@1.0.0 start script 'babel-node --presets react,es2015,stage-0 server.js'.
23 error Make sure you have the latest version of node.js and npm installed.
23 error If you do, this is most likely a problem with the addressbook package,
23 error not with npm itself.
23 error Tell the author that this fails on your system:
23 error     babel-node --presets react,es2015,stage-0 server.js
23 error You can get information on how to open an issue for this project with:
23 error     npm bugs addressbook
23 error Or if that isn't available, you can get their info via:
23 error     npm owner ls addressbook
23 error There is likely additional logging output above.
24 verbose exit [ 1, true ]
